            256
     9.28317767
  -4.2979525182    4.6267725464   -4.1646185480    0.0961346752    0.5581516052    0.5907236231    0.5746916659
  -4.0332267017   -3.1226264509   -3.0572759338   -0.0069721669    0.5303352837   -0.6251816546   -0.5725764355
  -2.9652319589   -2.9013394865   -4.0952017804    0.1074084244   -0.5784663724    0.6062240344   -0.5351004639
  -2.7165590319   -3.7847222723   -2.8172029007    0.0480127125   -0.5782675334   -0.6203110573    0.5277458020
  -4.3107800123   -3.9941275591   -1.6915959322    0.0586637326    0.5180326423    0.7019275659    0.4852818154
  -3.8570382271   -3.0101138701   -0.5538313083    0.0654033291    0.5180300790   -0.5935857047   -0.6123914214
  -3.1479572502   -2.7808174534   -1.8632882857   -0.0189410554   -0.5355685991    0.5999171837   -0.5940596643
  -2.6721506934   -3.7741516747   -0.7296353439    0.0731529806   -0.5248682876   -0.5789354477    0.6196738413
  -4.2169804383   -4.3549067152    0.5697945753    0.0451993978    0.6019436941    0.5511541857    0.5760641173
  -3.8159178862   -2.9668552503    1.7347313606    0.0108205665    0.5320905498   -0.5552517897   -0.6391071994
  -3.0830207961   -2.4322209572    0.5929276400    0.0214346329   -0.5787846536    0.5585182286   -0.5938065928
  -2.8236001800   -3.8608038278    1.8000313430   -0.0100232356   -0.5743731851   -0.5858110495    0.5716820736
  -4.2799417295   -4.2431138806    2.9273370223   -0.0360176420    0.5781108308    0.5673030928    0.5853697957
  -3.8029386039   -3.2967144884    4.0769129980    0.0280439978    0.5986888751   -0.4891698864   -0.6336386883
  -3.0223983287   -2.5187396346    3.0435012258   -0.0249987548   -0.5855503577    0.5421966670   -0.6021034921
  -2.6221867117   -3.9485839236    4.0027863297   -0.0435228362   -0.4949513118   -0.6225881608    0.6045766649
  -4.1464556667   -1.9905105466   -4.0915317110    0.0904282297    0.5582574161    0.5826647238    0.5836721789
  -3.8686749135   -0.7388103824   -2.8744698524    0.0761355591    0.5754331064   -0.5342072364   -0.6145752560
  -3.0425915638   -0.3088207241   -4.0395221164    0.0417404798   -0.5209763730    0.5651810346   -0.6382881397
  -2.6836910681   -1.3444520889   -2.8031363074    0.0026871651   -0.5618704726   -0.5807003925    0.5891361518
  -4.2251986630   -1.8468262165   -1.7722359847    0.1124163122    0.5121095713    0.6093555936    0.5948042706
  -3.8928116986   -0.9078799967   -0.5163110356    0.0069915549    0.5572758418   -0.5552403680   -0.6173353125
  -3.1464461383   -0.3554740017   -1.6482625594    0.0811567886   -0.5428717343    0.6068284939   -0.5748591434
  -2.7012601337   -1.6230353567   -0.5853861822    0.0889714106   -0.5450730776   -0.6208322041    0.5563693041
  -4.2555554550   -2.0286601045    0.6735077405    0.0153730181    0.5212905387    0.5986583184    0.6079704454
  -4.1921155732   -0.3785801443    1.4233075666    0.0597646241    0.5130163597   -0.6121360712   -0.5987752790
  -2.9242075929   -0.6856388965    0.4650613478    0.0559611488   -0.5124098955    0.6479277535   -0.5607977132
  -2.7279030584   -1.3471396302    1.8454514060    0.0510839536   -0.5240790060   -0.6008407642    0.6014332891
  -4.2097920509   -1.9917365323    2.8891956484    0.0037821493    0.5998618434    0.5783725752    0.5528441267
  -3.7564056535   -0.9765107431    4.1305259126   -0.0431005891    0.6008036901   -0.5525383511   -0.5760890867
  -3.0782257948   -0.5185662952    2.8540075611    0.0843863961   -0.4901354166    0.6568309928   -0.5667620810
  -2.6513677586   -1.5425056325    4.1898921301   -0.0396087393   -0.5610797145   -0.5957369307    0.5733395252
  -4.1886520490    0.2717421797   -4.0332888390    0.0198873007    0.5649340055    0.5236824246    0.6373466740
  -3.8701589999    1.5923570789   -2.8637924938    0.0226884159    0.5239355661   -0.5876810810   -0.6161231252
  -3.1259159471    1.9714163336   -4.0180891095    0.0365187493   -0.5364266193    0.5746820294   -0.6169711729
  -2.8016946896    0.7622955070   -2.8237547379    0.0546352608   -0.5597327032   -0.5498859473    0.6175271122
  -4.2290953068    0.5089249401   -1.7060129923    0.0027075160    0.5750814315    0.6006683155    0.5554021888
  -3.7875605004    1.5543571061   -0.4843660861    0.0099145697    0.5706037373   -0.6151842228   -0.5439314739
  -3.0817205090    1.9017512804   -1.7263242197    0.0863619856   -0.5325196472    0.5977740104   -0.5929845406
  -2.6702680881    0.8965292329   -0.4245905800   -0.0379971970   -0.5255068212   -0.6133789605    0.5883579223
  -4.1684643276    0.5594128941    0.4749991720    0.1484536337    0.5100092304    0.5699087689    0.6269418623
  -3.8510426271    1.4559815025    1.7149228679   -0.0685948316    0.5596259750   -0.6175678513   -0.5483825912
  -2.9535002937    1.9402186119    0.6004304515    0.1622251397   -0.5657631418    0.5794393862   -0.5637774997
  -2.7226401383    0.9677676713    1.9780723771    0.0395015689   -0.5539963265   -0.5704718637    0.6050533439
  -4.2970836465    0.0912008234    2.8851472428    0.1425432979    0.5195026114    0.5322750654    0.6530556636
  -4.0144509159    1.3599402644    4.2105225364   -0.0445893353    0.5412073433   -0.5864722021   -0.6009631927
  -3.1713982487    1.8204781100    2.9826953493    0.0246988576   -0.5820901960    0.5773994720   -0.5719884788
  -2.6734429196    1.0214060245    4.0226985010    0.1047576499   -0.5706730511   -0.5975139948    0.5534755004
  -4.2343994533    2.8071756893   -4.0688759211    0.0690507951    0.5302910067    0.5981802222    0.5968281642
  -3.8938091990    3.8401312518   -2.8258813226    0.0468746866    0.5966351776   -0.5789975358   -0.5537066752
  -3.0767865177    4.4129099048   -4.0714685348    0.0857074109   -0.4951398625    0.6308540168   -0.5911970617
  -2.7617085008    3.0783050908   -2.9184189496    0.0405843773   -0.5427303274   -0.6391132697    0.5434435835
  -4.2037709672    2.9036075279   -1.7436492788   -0.0049610081    0.5134146768    0.6289861605    0.5837440946
  -3.8532432505    3.7346363168   -0.5778701920    0.0368444950    0.5995012156   -0.5412567625   -0.5884572140
  -3.1135985414    4.5650507538   -1.6847924740    0.0471687802   -0.6147209045    0.5529841054   -0.5604479413
  -2.7510169545    3.0096827388   -0.6427552625   -0.0101294365   -0.4869794136   -0.6170008164    0.6181087589
  -4.2559101847    2.4282748085    0.7514058975   -0.0221598851    0.5812045000    0.5959918517    0.5536280173
  -3.8314018301    3.9781293660    1.6784321572   -0.0069450505    0.5447114490   -0.6375323079   -0.5447878118
  -2.9370614443    4.2635234280    0.4630927135   -0.0193011890   -0.5945291687    0.5669381332   -0.5698628650
  -2.7625193443    2.8982752744    1.9172706612    0.0339502631   -0.5183843527   -0.6581253614    0.5449734408
  -4.2257338915    2.8623180870    2.8696535183    0.0269024829    0.5308939423    0.5555738360    0.6393477859
  -3.8983222333    3.9878719768    4.0896880696    0.0828409471    0.5012511997   -0.6262950868   -0.5913028636
  -3.1178152102    4.3706034808    3.0202392964    0.1194076648   -0.5926718260    0.5426765760   -0.5830815124
  -2.6543235657    3.1371647153    4.1189538888   -0.0107304197   -0.5933436761   -0.5319688747    0.6040175962
  -1.8763031821   -4.1400419576   -4.0098993058    0.0947898094    0.5416258601    0.6135081940    0.5668015664
  -1.5820167353   -3.0987513739   -2.8312448440    0.0374919164    0.5370827420   -0.6447134483   -0.5426610858
  -0.7670126871   -2.8623883349   -4.0375702521    0.0585074677   -0.4979141496    0.6073314250   -0.6162847687
  -0.4266160025   -3.6546957436   -2.8137471716    0.0244142490   -0.5527601727   -0.6129825593    0.5640146433
  -1.8243764774   -4.2507928881   -1.8580633162    0.0018344801    0.5043187249    0.5866325158    0.6336572811
  -1.5169662916   -3.1367417665   -0.6131900089    0.0486698884    0.5434974157   -0.5767816226   -0.6079183835
  -0.7212192151   -2.7038918163   -1.6898559516    0.0054725987   -0.5568974698    0.6092660136   -0.5644733683
  -0.2967823770   -3.9867222780   -0.4652727969    0.0654060510   -0.5725379344   -0.6341050239    0.5155901288
  -2.0147112745   -4.1958500567    0.5298106309    0.0261290342    0.5026566670    0.6148544810    0.6071305592
  -1.6491861921   -3.1246651758    1.6722992144    0.0520852026    0.5474624658   -0.5952361922   -0.5858889448
  -0.7651564164   -2.7361791346    0.6299734647    0.0449348460   -0.5555857010    0.5649378951   -0.6084000026
  -0.3851835231   -3.6179166002    1.8403315115    0.0050004063   -0.6075913057   -0.5226092852    0.5980696751
  -1.8121046207   -4.1397700838    2.7436525212   -0.0338607900    0.5040137543    0.5834472043    0.6359346997
  -1.5348642796   -3.2193956183    4.1183111460    0.0494816131    0.5278329419   -0.5516985643   -0.6438731627
  -0.8633726172   -2.7095835232    2.9024489818    0.0368304748   -0.5194962766    0.6275151353   -0.5787848389
  -0.3704226457   -3.6742979943    4.0578533207    0.0345268958   -0.5308862039   -0.6038197000    0.5936071949
  -1.8321389448   -1.8939874543   -3.9609616205   -0.0114247044    0.5074560376    0.6125161595    0.6059552792
  -1.5395825380   -0.5634981701   -2.8324319484   -0.0386088876    0.5056981470   -0.5842425323   -0.6335924569
  -0.7432011190    0.0066587561   -3.9386514563    0.0358260827   -0.5730968954    0.5377765266   -0.6173109814
  -0.4161193072   -1.5997902879   -2.8535863337    0.0606786817   -0.4775494274   -0.6426994476    0.5959883069
  -1.9565073255   -2.0665171474   -1.7266941671    0.0981688867    0.5822464466    0.5180792606    0.6188261670
  -1.5889837139   -0.6978960171   -0.6704407845    0.0565650724    0.5575152159   -0.5865513845   -0.5847517850
  -0.7438357742   -0.2416044760   -1.6420680339    0.0495305084   -0.5839368182    0.5358725292   -0.6077870956
  -0.4132862457   -1.7609719981   -0.7181526063    0.0224684073   -0.5642913005   -0.5577466768    0.6082673289
  -1.9498009427   -1.9819549045    0.6059651890    0.0277047214    0.5053990255    0.6293458736    0.5896846995
  -1.5566052418   -0.8719321600    1.7220629165    0.0408893836    0.5473875983   -0.5505906139   -0.6289235657
  -0.7718742678   -0.3993573821    0.6348864240   -0.0990009763   -0.5305794538    0.6216115549   -0.5677000305
  -0.3990950507   -1.6126985723    1.7894961653    0.1098445556   -0.5493009319   -0.5896944991    0.5817757794
  -1.8503049229   -1.8078911567    2.8366359832   -0.0078942150    0.5836913261    0.5714232481    0.5768167723
  -1.5291476100   -0.8103301243    4.2793290541   -0.0547272209    0.5447732469   -0.6539993881   -0.5220266671
  -0.7785888472   -0.5724497298    2.9487223577    0.0687903256   -0.4834542298    0.5648891217   -0.6651617691
  -0.4454586595   -1.2434578050    4.3170370787   -0.1070214069   -0.5408105770   -0.5697815041    0.6094418560
  -2.0007108706    0.4267819745   -3.9628182898   -0.0848199681    0.5536628184    0.5661792709    0.6047347268
  -1.5258266405    1.5328685474   -2.9021917358    0.1009627018    0.5465637085   -0.5904271692   -0.5852097088
  -0.8093900759    2.0711456400   -4.0202968605    0.0220877618   -0.5736282097    0.5652044179   -0.5924582464
  -0.3649173801    0.8669078631   -2.8888161541   -0.0389590021   -0.5658475780   -0.5831739528    0.5815555480
  -1.9788572817    0.4110340261   -1.7216178839    0.0713092434    0.5318826933    0.6119066777    0.5810215229
  -1.5585848488    1.5633785762   -0.6382278943    0.0539833462    0.5527023032   -0.5702689812   -0.6053092197
  -0.7373538329    2.0476027433   -1.7283629077   -0.0595162157   -0.5355718399    0.5981308723   -0.5931779531
  -0.3415895330    0.8289168716   -0.5785210896    0.0551376535   -0.5471770148   -0.5511843737    0.6274973624
  -1.9132914383    0.0858520224    0.7790023002    0.0151667633    0.5249671630    0.5793977275    0.6232798091
  -1.6474047724    1.6523057750    1.8085925322    0.0308254335    0.4837189256   -0.6593682209   -0.5747167502
  -0.7890097623    1.8446743962    0.6094084653    0.1088722579   -0.5636941167    0.5830545499   -0.5748418618
  -0.5011523201    1.0005668969    1.8010061059    0.0819509667   -0.6023110415   -0.5657152456    0.5571998827
  -1.8835758886    0.2046273704    2.9400104760    0.0794350699    0.5689603242    0.5470330784    0.6088752173
  -1.5763414298    1.6753064492    4.0256419442   -0.0346212530    0.4800000661   -0.6096913344   -0.6298236120
  -0.6863060644    2.0986202690    2.9183298291   -0.0426331434   -0.5819196729    0.5779318553   -0.5705669812
  -0.6864330618    0.4230150576    3.8449882052   -0.0003455147   -0.5431170615   -0.6208225688    0.5653344818
  -1.8633939077    2.8163775777   -4.0026270862    0.0253315108    0.5247455107    0.6019199553    0.6014090381
  -1.4764248357    3.3936084053   -2.8197689544    0.1400920937    0.5126784311   -0.6308555355   -0.5652931318
  -0.7776462980    4.3604629291   -4.0084788943   -0.0370427447   -0.5309740835    0.5994475689   -0.5977934174
  -0.2971985072    3.1120877967   -2.9838679022   -0.0184627270   -0.5105934527   -0.6206279543    0.5947893712
  -1.9224341480    2.6853501141   -1.7773020397    0.0181750609    0.5574157059    0.6038580169    0.5694847613
  -1.5496197124    3.6782569580   -0.5192128589    0.0349206658    0.6034661145   -0.5277073935   -0.5967697233
  -0.7475905476    4.1991928691   -1.7080274377    0.0772166009   -0.5211305623    0.5847157234   -0.6169019828
  -0.3880859245    3.0691914213   -0.4963027021   -0.0231877104   -0.5725053943   -0.5570551744    0.6011567485
  -1.9741628267    2.8358882410    0.6315929414    0.0146181402    0.4644923859    0.6526666924    0.5983805830
  -1.5906019525    3.5556954719    1.8314445807   -0.0200757290    0.5929082695   -0.5376371748   -0.5991686051
  -0.7948250721    4.4037996186    0.6110133255    0.0661475023   -0.6061027019    0.5719887507   -0.5487193197
  -0.3508465421    2.9764977726    1.5883197805    0.0015241248   -0.5500269967   -0.5739663642    0.6066552503
  -1.9372250159    2.5298052039    2.9968391228    0.1300505590    0.5170448550    0.6227944488    0.5726067975
  -1.5503640587    3.9994790871    4.0054487525    0.1001889803    0.4865220560   -0.6213053054   -0.6060017944
  -0.7814924022    4.3251513696    2.8469598162    0.0348195327   -0.5892847652    0.5490996771   -0.5916253969
  -0.3863371025    3.1812142631    4.0734749112   -0.0258369595   -0.5878666320   -0.5351033923    0.6061432456
   0.3881489082   -4.1173483804   -3.9903229709    0.0393883275    0.5743211814    0.5848319126    0.5714677368
   0.8804168289   -3.1046112849   -2.8736096302    0.0808143542    0.5543846862   -0.5441851002   -0.6244911822
   1.6196355090   -2.5858841164   -4.0105799762    0.0188396071   -0.5274268540    0.6180413002   -0.5826585057
   1.9491355509   -3.9095880421   -2.8090784754    0.0072238630   -0.5291737400   -0.5917523432    0.6080724735
   0.4339633819   -4.2396272071   -1.8311575604    0.0206298110    0.5409376049    0.5537997717    0.6326663666
   0.7892681589   -3.1421081690   -0.6266784519   -0.0196726525    0.5908843318   -0.5610176041   -0.5794203492
   1.7700259918   -2.7562334517   -1.6565850595   -0.0134288795   -0.5408655866    0.5978202485   -0.5915192583
   2.0319702631   -3.5713478780   -0.3148783482    0.0591759456   -0.5961463614   -0.5602827339    0.5720061026
   0.5171406145   -4.2239000028    0.6592251742    0.1278829681    0.4902404581    0.6347446189    0.5834462345
   0.7460596986   -2.9299667274    1.8304232843    0.0142633774    0.5306343744   -0.6648909438   -0.5254938151
   1.5195526144   -2.6263905484    0.5800164870    0.0367880219   -0.5774388846    0.5595517698   -0.5933909276
   1.9252200668   -3.8381203512    1.6642009916    0.0309156606   -0.5885820380   -0.5594185900    0.5828089290
   0.4434582282   -4.1002572601    2.9367254097    0.0205993497    0.5623112087    0.5770980109    0.5918949714
   0.7615347302   -2.8905864414    4.1614742519    0.0488879425    0.5537931181   -0.6066143088   -0.5682800646
   1.6044618017   -2.4699793460    2.9754810872    0.0237416168   -0.5251243555    0.5646890802   -0.6362444417
   1.8090257288   -3.9120738457    3.9914784323    0.0264661504   -0.5105641370   -0.5847818223    0.6298047516
   0.3280691247   -2.0626953035   -4.0229546868    0.0581493123    0.6028497351    0.5462700739    0.5786016426
   0.7669407829   -0.8113779394   -2.9158897452    0.0243422127    0.5608452396   -0.5993886552   -0.5706078460
   1.5992536901   -0.3052340464   -4.0535246633    0.1178681823   -0.5104069610    0.5843097779   -0.6198176420
   1.9854097153   -1.4107322759   -2.8730686498    0.1293549634   -0.4839845580   -0.6136269165    0.6103181534
   0.5357547659   -2.2628598829   -1.6859792400    0.1051541348    0.5520562216    0.6075886843    0.5612597678
   0.7558143102   -0.7162907422   -0.4924016291    0.0472312993    0.4925565084   -0.6183843630   -0.6105391634
   1.5093447756   -0.3684284313   -1.7329110873    0.0403017519   -0.5233840452    0.5888627824   -0.6145612528
   1.8903941269   -1.4806510953   -0.5697310107   -0.0043563982   -0.5330292990   -0.6212593691    0.5743671165
   0.3047752737   -1.9340120876    0.5387024071    0.0482251483    0.5247084985    0.6593897077    0.5362467156
   0.7339117684   -0.8552236460    1.7967545555    0.0252031224    0.5198271452   -0.6622710481   -0.5390191097
   1.5683213895   -0.4171048473    0.6325737657    0.1356339588   -0.5431407230    0.5754320157   -0.5962210828
   1.9577515706   -1.2415913537    1.7737074585    0.0614127204   -0.5258236843   -0.6247696148    0.5739345426
   0.3584903412   -2.0529625654    3.0602619463    0.0667620044    0.5867664385    0.6013392637    0.5381812626
   0.8443110483   -0.7609941003    4.0318521997    0.0915791867    0.5505944005   -0.5897774024   -0.5836280274
   1.6067365649   -0.1635874176    2.8509751548    0.0025335558   -0.6213138527    0.5360022768   -0.5715454810
   2.0552508729   -1.4102660868    4.1557677410   -0.0123216649   -0.5407933357   -0.5728210067    0.6158464410
   0.5014397102    0.5956804001   -4.2410254979   -0.0135841123    0.5523467575    0.6224626690    0.5543182815
   0.8364108990    1.2802218820   -2.7729571892    0.0030991386    0.5800460423   -0.5855768703   -0.5662479255
   1.6474786540    1.8875132739   -4.1165502016    0.0240355974   -0.5018056102    0.6283643016   -0.5939458932
   1.9955986088    0.7103892051   -2.8710765344   -0.0230261106   -0.5062996146   -0.6434152232    0.5737136473
   0.4269475136    0.3502459189   -1.6898057384   -0.0178455826    0.5696126811    0.5786640825    0.5834130684
   0.8366627030    1.6906260470   -0.7156265683    0.0434837662    0.5330789462   -0.5909880778   -0.6038783745
   1.6298622674    2.0577626025   -1.8520367500    0.0132430481   -0.5844390378    0.4980515778   -0.6404687804
   1.9281029217    0.7319124555   -0.6428949176    0.0486116451   -0.5590223846   -0.5808878193    0.5896611085
   0.3086009505   -0.0001297489    0.6785930530    0.0289550202    0.5445388078    0.5714037528    0.6132999632
   0.7275909557    1.5249453753    1.5573978588   -0.0605476479    0.4866578857   -0.6063623178   -0.6259575258
   1.6012932813    1.8823727594    0.5293833564    0.0888110033   -0.5409491850    0.6334116616   -0.5461467311
   1.9738565668    0.6043426420    1.6540538185    0.0919781845   -0.5384470624   -0.6622980006    0.5128119861
   0.3147600413    0.2262329557    2.9002362485   -0.0165325069    0.5711068134    0.5467123131    0.6121023857
   0.7508363839    1.5645362373    3.9934221023    0.0406022522    0.5158869875   -0.6518564060   -0.5543422220
   1.4933912882    1.8931370182    2.7988312855    0.0344280380   -0.5795274890    0.5778415336   -0.5736390518
   1.9194344022    0.8477425266    3.9127305795    0.0067055322   -0.5764377654   -0.5696428976    0.5858169575
   0.4244035247    2.7815514768   -4.2103046391    0.0271340177    0.5809268090    0.5469647222    0.6021772002
   0.8104267097    3.6955113860   -2.8588673680    0.0044111113    0.5668547729   -0.5486937226   -0.6144846681
   1.5229283809    4.3181036636   -4.0529378403    0.0474510095   -0.5412560611    0.6381266522   -0.5455132022
   1.9886378638    3.2992164752   -3.0022029206   -0.0135880601   -0.5915127814   -0.5692023483    0.5709086449
   0.3779380107    2.5107500912   -1.6878605546    0.0888462490    0.5346305061    0.5689890841    0.6184884705
   0.7599648129    3.7462161367   -0.5430943713    0.0015504626    0.5201260279   -0.6054219764   -0.6024373342
   1.5091918590    4.1482553239   -1.7133335808    0.1070455183   -0.5493681912    0.5589185551   -0.6118381292
   1.9748245506    3.2030804103   -0.6062687745    0.0265518612   -0.5689513063   -0.5961956930    0.5658092483
   0.4793583168    2.5790905582    0.4781683525   -0.0146498232    0.5923515938    0.5613355881    0.5777606162
   0.7375494118    3.6384855236    1.8844576276    0.0713100218    0.6182222000   -0.4987407436   -0.6033024639
   1.5472077234    4.1838940131    0.7049932988   -0.0361836584   -0.5196963172    0.5935132367   -0.6134725085
   1.9249324252    2.8258227728    1.7660161249    0.0533324990   -0.5009166893   -0.6580887342    0.5596046219
   0.4238356410    2.6522350822    2.8900549033    0.0175303833    0.5174715527    0.5819839674    0.6270650202
   0.6744155433    4.0302643841    4.0855354778    0.0874842835    0.5150050344   -0.6457656575   -0.5568689525
   1.4884607387    4.2900451481    2.9079291095    0.0401223520   -0.5578382618    0.5496259679   -0.6205787347
   1.9465946767    3.2724046577    4.1464449073   -0.0013554284   -0.5172465484   -0.5737506649    0.6350309800
   2.6335948170   -4.2881578781   -4.1003876280    0.0033374974    0.5501386306    0.6172812211    0.5624057631
   3.1138679248   -3.1717217886   -2.9786082855    0.0014734721    0.5776466505   -0.5261485394   -0.6240912519
   3.9348854736   -2.6077127171   -4.0837818291   -0.0043121048   -0.5558867997    0.5865538978   -0.5890040718
   4.2599311522   -4.0568129511   -3.0417173069    0.0561890246   -0.5244579109   -0.5619297844    0.6371982507
   2.7246047258   -4.4594195369   -1.5897784919    0.0813003793    0.5326973897    0.5710599066    0.6192853319
   2.9811030526   -2.7959262705   -0.8050482204    0.0215079219    0.5275108642   -0.6629902175   -0.5307670572
   4.0396010799   -2.9140328470   -1.9158546401    0.1372679444   -0.6054029098    0.6234060748   -0.4754047687
   4.1777132094   -3.6527590454   -0.4361386235    0.0175276831   -0.5626520378   -0.6199600875    0.5465939578
   2.7858683427   -4.4552764501    0.6632890468    0.0622230304    0.5795651601    0.5622465658    0.5866100229
   3.1054609902   -3.0398452545    1.6365684704    0.1065699439    0.5555643386   -0.5814213137   -0.5847566748
   3.9153734488   -2.4833794768    0.5536342094   -0.0168972059   -0.5552010698    0.6198198651   -0.5543370737
   4.2768383121   -3.8087346637    1.6003828042   -0.0095474683   -0.5677437260   -0.5354969005    0.6251551623
   2.6469804484   -4.2604695772    2.8955318396    0.1084167912    0.4691639261    0.6351188171    0.6039495824
   2.9587421334   -3.1644259095    4.1226104538    0.0458608544    0.5364359967   -0.5601616504   -0.6295650315
   3.7518261110   -2.7042084166    3.0239816883   -0.0155937808   -0.5590837678    0.6050011065   -0.5667061282
   4.2172404459   -3.7877433362    4.0788401126    0.0726143889   -0.5498022890   -0.5520211777    0.6226694251
   2.7956428942   -1.7869733545   -3.9537138423    0.1296818232    0.5385990608    0.5647778750    0.6116531930
   3.1665799046   -0.7100909683   -2.7425962282    0.0098472263    0.5819146804   -0.5503358238   -0.5986725465
   3.9283983352   -0.1301173606   -3.8443166432    0.0203483036   -0.6132189427    0.5406686319   -0.5755222892
   4.3058949145   -1.5953299842   -2.9888393425    0.0270954879   -0.5590744706   -0.5915473214    0.5803217533
   2.7202487729   -1.8725501641   -1.7390662653    0.0714759777    0.5249078709    0.5989622985    0.6005056842
   3.1088031847   -1.0114636082   -0.5442474987   -0.0364993487    0.5659240594   -0.5419336833   -0.6202464345
   3.9526804991   -0.1239747002   -1.6228910965    0.0067764799   -0.5125972228    0.5737843471   -0.6387250500
   4.2823963785   -1.5601731269   -0.5679979657    0.0320633670   -0.4799026029   -0.6547082358    0.5831145327
   2.6909621155   -2.1327909754    0.6280037993    0.0430590230    0.5069317878    0.6059154662    0.6115819903
   2.8985217750   -0.4374706252    1.2765910883    0.0473344583    0.5225011434   -0.6394054418   -0.5620611046
   4.1104229167   -0.5348230871    0.3856892227   -0.0226518150   -0.5910654692    0.5261832300   -0.6109498465
   4.1993625006   -1.5210017532    1.9440520451    0.0264853486   -0.5599281368   -0.6209245831    0.5479340016
   2.7957596508   -1.8096930266    2.8875630270    0.0068886998    0.5544049557    0.5692251658    0.6070999931
   3.1870444506   -0.9499627569    4.2507145376   -0.0045603521    0.5636954372   -0.6069411288   -0.5602223875
   3.8501707222   -0.5067062051    2.8055357392   -0.0704603151   -0.5215179474    0.6253072903   -0.5762336048
   4.3490054010   -1.4117373069    4.0350473903   -0.0204352915   -0.5609518865   -0.5570620481    0.6120435070
   2.7400354788    0.5465697866   -4.1809916963   -0.0049103246    0.5385656244    0.6254510590    0.5645652573
   3.0921919583    1.3907937158   -2.9007445038    0.0698013215    0.5396038512   -0.6073525694   -0.5788594956
   3.8618393230    1.7905054459   -4.1089145493    0.0191122207   -0.5357009409    0.5742262742   -0.6188080567
   4.3271339841    0.7977682270   -2.9542427749    0.0963577171   -0.5386632854   -0.5421925209    0.6376396519
   2.7332417248    0.2256992842   -1.6761584630    0.1005509898    0.5694474782    0.5457161536    0.6064758426
   3.0844984531    1.5884725675   -0.6443898871    0.0393307940    0.5502542099   -0.6019503302   -0.5773466837
   3.9892982335    1.8818856783   -1.8888340153    0.0488710044   -0.5693279856    0.5584977058   -0.6012965844
   4.2608295887    1.0599485998   -0.5450225967    0.0573944765   -0.5585327590   -0.5989596692    0.5709591456
   2.8886155377    0.5760301866    0.3946850493    0.0704902219    0.4951183195    0.6646659134    0.5550749517
   3.0711438063    1.4853354260    1.7990805229    0.0988947948    0.5154622661   -0.5793900259   -0.6235588743
   3.8292811715    1.9020833938    0.5865596700    0.0124299255   -0.5578997911    0.6301420083   -0.5399207067
   4.3258685150    0.9615152865    1.7710265519    0.0087850548   -0.5519335104   -0.5912321326    0.5879938675
   2.8199951314    0.1449615880    2.7943650358   -0.0104252104    0.5294255182    0.6283735827    0.5698654019
   3.1160244282    1.4006337383    3.9070581165   -0.0231767444    0.6021988326   -0.5767659371   -0.5515074418
   4.0387475355    1.9223956780    2.7654566612    0.0592449635   -0.5290109703    0.5888987491   -0.6081411769
   4.2728093335    0.6971924883    4.1378745603   -0.0130438119   -0.5469749896   -0.5563886598    0.6253637973
   2.8454597290    2.7388040515   -4.1004583124    0.0405040652    0.5960289894    0.5430356250    0.5901026813
   3.0827240505    4.1288531312   -2.7847154812    0.0535701084    0.5087864627   -0.6562044703   -0.5546731218
   3.7505794921    4.3088430294   -4.1335755732    0.0140252226   -0.5398797115    0.6205045879   -0.5686011314
   4.2154649689    3.2934860788   -2.9226745021    0.0248488146   -0.5448775042   -0.5734206175    0.6112935770
   2.7340155704    2.8213342598   -1.8881788969    0.0380947260    0.5504706983    0.5763415419    0.6027945166
   3.1137849743    3.8750547163   -0.5644081681   -0.0580043853    0.5300007959   -0.5747275897   -0.6208243272
   3.9921007021    4.3463936442   -1.7155881301    0.0633659433   -0.5026209956    0.6484787135   -0.5681832893
   4.1979398918    3.0315610094   -0.5430639487    0.0441014190   -0.5180601761   -0.6640073370    0.5373667046
   2.7151350356    2.6224109760    0.6434099754   -0.0195346416    0.5616649800    0.5784720022    0.5912030030
   3.0592572093    3.9008240679    1.6797887209    0.1185297876    0.5521085280   -0.6698514011   -0.4821057593
   3.9326010616    4.0482706595    0.5674381509    0.0966417415   -0.5215129863    0.6161517589   -0.5822727789
   4.2776685281    3.5187697675    1.7757607402   -0.0815636344   -0.6010385246   -0.5517426838    0.5724334689
   2.7399719532    2.4369912359    2.9692002234    0.0323066025    0.5483758708    0.6168963007    0.5636303238
   2.9748841948    4.0933323710    3.8799239080    0.0273082790    0.5172067162   -0.5922516039   -0.6172434757
   3.8370077502    4.5082887014    2.8664167864   -0.0180688517   -0.5783265560    0.5900793020   -0.5630438071
   4.1880243765    3.2302772438    4.0889630380    0.0012830448   -0.5942072403   -0.5694866764    0.5679797838
